#
# There is insufficient memory for the Java Runtime Environment to continue.
# Native memory allocation (malloc) failed to allocate 1102576 bytes for Chunk::new
# Possible reasons:
#   The system is out of physical RAM or swap space
#   The process is running with CompressedOops enabled, and the Java Heap may be blocking the growth of the native heap
# Possible solutions:
#   Reduce memory load on the system
#   Increase physical memory or swap space
#   Check if swap backing store is full
#   Decrease Java heap size (-Xmx/-Xms)
#   Decrease number of Java threads
#   Decrease Java thread stack sizes (-Xss)
#   Set larger code cache with -XX:ReservedCodeCacheSize=
#   JVM is running with Zero Based Compressed Oops mode in which the Java heap is
#     placed in the first 32GB address space. The Java Heap base address is the
#     maximum limit for the native heap growth. Please use -XX:HeapBaseMinAddress
#     to set the Java Heap base and to place the Java Heap above 32GB virtual address.
# This output file may be truncated or incomplete.
#
#  Out of Memory Error (./src/hotspot/share/memory/arena.cpp:197), pid=29880, tid=26920
#
# JRE version: OpenJDK Runtime Environment Microsoft-25199 (11.0.12+7) (build 11.0.12+7)
# Java VM: OpenJDK 64-Bit Server VM Microsoft-25199 (11.0.12+7, mixed mode, tiered, compressed oops, g1 gc, windows-amd64)
# No core dump will be written. Minidumps are not enabled by default on client versions of Windows
#

---------------  S U M M A R Y ------------

Command Line: --add-opens=java.base/java.lang=ALL-UNNAMED --add-opens=java.base/java.lang.invoke=ALL-UNNAMED --add-opens=java.base/java.util=ALL-UNNAMED --add-opens=java.prefs/java.util.prefs=ALL-UNNAMED --add-exports=jdk.compiler/com.sun.tools.javac.api=ALL-UNNAMED --add-exports=jdk.compiler/com.sun.tools.javac.util=ALL-UNNAMED --add-opens=java.base/java.util=ALL-UNNAMED --add-opens=java.prefs/java.util.prefs=ALL-UNNAMED --add-opens=java.base/java.nio.charset=ALL-UNNAMED --add-opens=java.base/java.net=ALL-UNNAMED --add-opens=java.base/java.util.concurrent.atomic=ALL-UNNAMED --add-opens=java.xml/javax.xml.namespace=ALL-UNNAMED -XX:MaxMetaspaceSize=4G -XX:ReservedCodeCacheSize=512m -XX:+HeapDumpOnOutOfMemoryError -Xmx8G -Dfile.encoding=UTF-8 -Duser.country=US -Duser.language=en -Duser.variant -javaagent:C:\Users\horia\.gradle\wrapper\dists\gradle-8.12-all\ejduaidbjup3bmmkhw3rie4zb\gradle-8.12\lib\agents\gradle-instrumentation-agent-8.12.jar org.gradle.launcher.daemon.bootstrap.GradleDaemon 8.12

Host: AMD Ryzen 5 5500U with Radeon Graphics         , 12 cores, 7G,  Windows 10 , 64 bit Build 26100 (10.0.26100.4484)
Time: Thu Jul 31 18:10:16 2025 GTB Daylight Time elapsed time: 11.020793 seconds (0d 0h 0m 11s)

---------------  T H R E A D  ---------------

Current thread (0x0000029ef2276800):  JavaThread "C2 CompilerThread2" daemon [_thread_in_native, id=26920, stack(0x000000f62ce00000,0x000000f62cf00000)]


Current CompileTask:
C2:  11021 4309       4       java.util.regex.Pattern::compile (498 bytes)

Stack: [0x000000f62ce00000,0x000000f62cf00000]
Native frames: (J=compiled Java code, j=interpreted, Vv=VM code, C=native code)
V  [jvm.dll+0x6090fa]
V  [jvm.dll+0x79229e]
V  [jvm.dll+0x79396f]
V  [jvm.dll+0x794033]
V  [jvm.dll+0x24bed8]
V  [jvm.dll+0xc219c]
V  [jvm.dll+0xc275c]
V  [jvm.dll+0x3548a7]
V  [jvm.dll+0x321fb3]
V  [jvm.dll+0x3212ea]
V  [jvm.dll+0x205585]
V  [jvm.dll+0x20476d]
V  [jvm.dll+0x18996c]
V  [jvm.dll+0x213dd7]
V  [jvm.dll+0x211f9b]
V  [jvm.dll+0x7563a9]
V  [jvm.dll+0x74f414]
V  [jvm.dll+0x607f56]
C  [ucrtbase.dll+0x37b0]
C  [KERNEL32.DLL+0x2e8d7]
C  [ntdll.dll+0x3c34c]


---------------  P R O C E S S  ---------------

Threads class SMR info:
_java_thread_list=0x0000029ef34ca900, length=41, elements={
0x0000029eae0b3000, 0x0000029eed53b800, 0x0000029eed53c800, 0x0000029eed598800,
0x0000029eed599800, 0x0000029eed59a800, 0x0000029eed59d800, 0x0000029eed5ae800,
0x0000029eed5be000, 0x0000029eed721800, 0x0000029eefa8b800, 0x0000029eeed0f000,
0x0000029eee80f000, 0x0000029eef406800, 0x0000029eee802000, 0x0000029eefbc5000,
0x0000029eefcdd800, 0x0000029eeef6b800, 0x0000029eefa80000, 0x0000029eefb90000,
0x0000029eefb91800, 0x0000029eefb90800, 0x0000029eefb92800, 0x0000029eeec02000,
0x0000029eeec01000, 0x0000029eeec03000, 0x0000029eeec00800, 0x0000029eeec06000,
0x0000029eeec04800, 0x0000029eeec03800, 0x0000029eeec05800, 0x0000029eeec09800,
0x0000029eeec07000, 0x0000029ef2fe0000, 0x0000029ef2276800, 0x0000029eeec08800,
0x0000029eeec07800, 0x0000029eeec0c800, 0x0000029eeec0e800, 0x0000029eeec0d800,
0x0000029eeec0c000
}

Java Threads: ( => current thread )
  0x0000029eae0b3000 JavaThread "main" [_thread_blocked, id=22340, stack(0x000000f629a00000,0x000000f629b00000)]
  0x0000029eed53b800 JavaThread "Reference Handler" daemon [_thread_blocked, id=28644, stack(0x000000f62a100000,0x000000f62a200000)]
  0x0000029eed53c800 JavaThread "Finalizer" daemon [_thread_blocked, id=29620, stack(0x000000f62a200000,0x000000f62a300000)]
  0x0000029eed598800 JavaThread "Signal Dispatcher" daemon [_thread_blocked, id=16668, stack(0x000000f62a300000,0x000000f62a400000)]
  0x0000029eed599800 JavaThread "Attach Listener" daemon [_thread_blocked, id=9400, stack(0x000000f62a400000,0x000000f62a500000)]
  0x0000029eed59a800 JavaThread "Service Thread" daemon [_thread_blocked, id=27072, stack(0x000000f62a500000,0x000000f62a600000)]
  0x0000029eed59d800 JavaThread "C2 CompilerThread0" daemon [_thread_in_native, id=28668, stack(0x000000f62a600000,0x000000f62a700000)]
  0x0000029eed5ae800 JavaThread "C1 CompilerThread0" daemon [_thread_in_vm, id=24528, stack(0x000000f62a700000,0x000000f62a800000)]
  0x0000029eed5be000 JavaThread "Sweeper thread" daemon [_thread_blocked, id=31424, stack(0x000000f62a800000,0x000000f62a900000)]
  0x0000029eed721800 JavaThread "Common-Cleaner" daemon [_thread_blocked, id=29316, stack(0x000000f62a900000,0x000000f62aa00000)]
  0x0000029eefa8b800 JavaThread "Daemon health stats" [_thread_blocked, id=28928, stack(0x000000f62ae00000,0x000000f62af00000)]
  0x0000029eeed0f000 JavaThread "Incoming local TCP Connector on port 56855" [_thread_in_native, id=27948, stack(0x000000f62aa00000,0x000000f62ab00000)]
  0x0000029eee80f000 JavaThread "Daemon periodic checks" [_thread_blocked, id=29464, stack(0x000000f62ac00000,0x000000f62ad00000)]
  0x0000029eef406800 JavaThread "Daemon" [_thread_blocked, id=21808, stack(0x000000f62af00000,0x000000f62b000000)]
  0x0000029eee802000 JavaThread "Handler for socket connection from /127.0.0.1:56855 to /127.0.0.1:56856" [_thread_in_native, id=30752, stack(0x000000f62b000000,0x000000f62b100000)]
  0x0000029eefbc5000 JavaThread "Cancel handler" [_thread_blocked, id=27032, stack(0x000000f62b100000,0x000000f62b200000)]
  0x0000029eefcdd800 JavaThread "Daemon worker" [_thread_in_vm, id=15536, stack(0x000000f62b200000,0x000000f62b300000)]
  0x0000029eeef6b800 JavaThread "Asynchronous log dispatcher for DefaultDaemonConnection: socket connection from /127.0.0.1:56855 to /127.0.0.1:56856" [_thread_blocked, id=31556, stack(0x000000f62b300000,0x000000f62b400000)]
  0x0000029eefa80000 JavaThread "Stdin handler" [_thread_blocked, id=16368, stack(0x000000f62b400000,0x000000f62b500000)]
  0x0000029eefb90000 JavaThread "Daemon client event forwarder" [_thread_blocked, id=25476, stack(0x000000f62b500000,0x000000f62b600000)]
  0x0000029eefb91800 JavaThread "Cache worker for journal cache (C:\Users\horia\.gradle\caches\journal-1)" [_thread_blocked, id=28924, stack(0x000000f62c000000,0x000000f62c100000)]
  0x0000029eefb90800 JavaThread "File lock request listener" [_thread_in_native, id=30452, stack(0x000000f62c100000,0x000000f62c200000)]
  0x0000029eefb92800 JavaThread "Cache worker for file hash cache (C:\Users\horia\.gradle\caches\8.12\fileHashes)" [_thread_blocked, id=28080, stack(0x000000f62c300000,0x000000f62c400000)]
  0x0000029eeec02000 JavaThread "Problems report writer" [_thread_blocked, id=27240, stack(0x000000f62c200000,0x000000f62c300000)]
  0x0000029eeec01000 JavaThread "Cache worker for file hash cache (C:\Users\horia\OneDrive\Desktop\flutter_proj\simple_test_app\android\.gradle\8.12\fileHashes)" [_thread_blocked, id=27508, stack(0x000000f62c500000,0x000000f62c600000)]
  0x0000029eeec03000 JavaThread "Cache worker for Build Output Cleanup Cache (C:\Users\horia\OneDrive\Desktop\flutter_proj\simple_test_app\android\.gradle\buildOutputCleanup)" [_thread_blocked, id=27436, stack(0x000000f62c600000,0x000000f62c700000)]
  0x0000029eeec00800 JavaThread "File watcher server" daemon [_thread_in_native, id=10716, stack(0x000000f62c700000,0x000000f62c800000)]
  0x0000029eeec06000 JavaThread "File watcher consumer" daemon [_thread_blocked, id=24484, stack(0x000000f62c800000,0x000000f62c900000)]
  0x0000029eeec04800 JavaThread "jar transforms" [_thread_blocked, id=27104, stack(0x000000f62c900000,0x000000f62ca00000)]
  0x0000029eeec03800 JavaThread "jar transforms Thread 2" [_thread_blocked, id=28912, stack(0x000000f62ca00000,0x000000f62cb00000)]
  0x0000029eeec05800 JavaThread "jar transforms Thread 3" [_thread_blocked, id=29148, stack(0x000000f62cb00000,0x000000f62cc00000)]
  0x0000029eeec09800 JavaThread "jar transforms Thread 4" [_thread_blocked, id=23920, stack(0x000000f62c400000,0x000000f62c500000)]
  0x0000029eeec07000 JavaThread "jar transforms Thread 5" [_thread_blocked, id=19284, stack(0x000000f62cc00000,0x000000f62cd00000)]
  0x0000029ef2fe0000 JavaThread "C2 CompilerThread1" daemon [_thread_in_native, id=28696, stack(0x000000f62cd00000,0x000000f62ce00000)]
=>0x0000029ef2276800 JavaThread "C2 CompilerThread2" daemon [_thread_in_native, id=26920, stack(0x000000f62ce00000,0x000000f62cf00000)]
  0x0000029eeec08800 JavaThread "Cache worker for checksums cache (C:\Users\horia\OneDrive\Desktop\flutter_proj\simple_test_app\android\.gradle\8.12\checksums)" [_thread_blocked, id=28720, stack(0x000000f62cf00000,0x000000f62d000000)]
  0x0000029eeec07800 JavaThread "Cache worker for file content cache (C:\Users\horia\.gradle\caches\8.12\fileContent)" [_thread_blocked, id=17932, stack(0x000000f62d000000,0x000000f62d100000)]
  0x0000029eeec0c800 JavaThread "jar transforms Thread 6" [_thread_blocked, id=15180, stack(0x000000f62d100000,0x000000f62d200000)]
  0x0000029eeec0e800 JavaThread "jar transforms Thread 7" [_thread_blocked, id=29260, stack(0x000000f62d200000,0x000000f62d300000)]
  0x0000029eeec0d800 JavaThread "jar transforms Thread 8" [_thread_blocked, id=21204, stack(0x000000f62d300000,0x000000f62d400000)]
  0x0000029eeec0c000 JavaThread "jar transforms Thread 9" [_thread_blocked, id=29064, stack(0x000000f62d400000,0x000000f62d500000)]

Other Threads:
  0x0000029eed513000 VMThread "VM Thread" [stack: 0x000000f62a000000,0x000000f62a100000] [id=27760]
  0x0000029eed8dd800 WatcherThread [stack: 0x000000f62ab00000,0x000000f62ac00000] [id=30556]
  0x0000029eae0cf000 GCTaskThread "GC Thread#0" [stack: 0x000000f629b00000,0x000000f629c00000] [id=29816]
  0x0000029eedb50000 GCTaskThread "GC Thread#1" [stack: 0x000000f62ad00000,0x000000f62ae00000] [id=9968]
  0x0000029eefdb7800 GCTaskThread "GC Thread#2" [stack: 0x000000f62b600000,0x000000f62b700000] [id=28456]
  0x0000029eef465000 GCTaskThread "GC Thread#3" [stack: 0x000000f62b700000,0x000000f62b800000] [id=23864]
  0x0000029eeffdf800 GCTaskThread "GC Thread#4" [stack: 0x000000f62b800000,0x000000f62b900000] [id=28768]
  0x0000029eefeee800 GCTaskThread "GC Thread#5" [stack: 0x000000f62b900000,0x000000f62ba00000] [id=27956]
  0x0000029eefeef800 GCTaskThread "GC Thread#6" [stack: 0x000000f62ba00000,0x000000f62bb00000] [id=27584]
  0x0000029eefef0000 GCTaskThread "GC Thread#7" [stack: 0x000000f62bb00000,0x000000f62bc00000] [id=24024]
  0x0000029eeff2b000 GCTaskThread "GC Thread#8" [stack: 0x000000f62bc00000,0x000000f62bd00000] [id=29372]
  0x0000029eeff2c000 GCTaskThread "GC Thread#9" [stack: 0x000000f62bd00000,0x000000f62be00000] [id=28076]
  0x0000029eae152800 ConcurrentGCThread "G1 Main Marker" [stack: 0x000000f629c00000,0x000000f629d00000] [id=28476]
  0x0000029eae15a000 ConcurrentGCThread "G1 Conc#0" [stack: 0x000000f629d00000,0x000000f629e00000] [id=29628]
  0x0000029eefef5000 ConcurrentGCThread "G1 Conc#1" [stack: 0x000000f62be00000,0x000000f62bf00000] [id=27304]
  0x0000029eefed6800 ConcurrentGCThread "G1 Conc#2" [stack: 0x000000f62bf00000,0x000000f62c000000] [id=11056]
  0x0000029eae153800 ConcurrentGCThread "G1 Refine#0" [stack: 0x000000f629e00000,0x000000f629f00000] [id=29480]
  0x0000029eec2e4000 ConcurrentGCThread "G1 Young RemSet Sampling" [stack: 0x000000f629f00000,0x000000f62a000000] [id=25536]

Threads with active compile tasks:
C2 CompilerThread0  12086 4304       4       java.lang.String::split (324 bytes)
C2 CompilerThread1  12086 4290       4       org.objectweb.asm.Frame::execute (2303 bytes)
C2 CompilerThread2  12086 4309       4       java.util.regex.Pattern::compile (498 bytes)

VM state:not at safepoint (normal execution)

VM Mutex/Monitor currently owned by a thread: None

Heap address: 0x0000000600000000, size: 8192 MB, Compressed Oops mode: Zero based, Oop shift amount: 3
Narrow klass base: 0x0000000800000000, Narrow klass shift: 0
Compressed class space size: 1073741824 Address: 0x0000000800000000

Heap:
 garbage-first heap   total 145408K, used 76095K [0x0000000600000000, 0x0000000800000000)
  region size 2048K, 27 young (55296K), 5 survivors (10240K)
 Metaspace       used 49013K, capacity 50470K, committed 50808K, reserved 1093632K
  class space    used 6159K, capacity 6690K, committed 6784K, reserved 1048576K
Heap Regions: E=young(eden), S=young(survivor), O=old, HS=humongous(starts), HC=humongous(continues), CS=collection set, F=free, A=archive, TAMS=top-at-mark-start (previous, next)
|   0|0x0000000600000000, 0x0000000600200000, 0x0000000600200000|100%|HS|  |TAMS 0x0000000600200000, 0x0000000600000000| Complete 
|   1|0x0000000600200000, 0x0000000600400000, 0x0000000600400000|100%|HC|  |TAMS 0x0000000600400000, 0x0000000600200000| Complete 
|   2|0x0000000600400000, 0x0000000600600000, 0x0000000600600000|100%| O|  |TAMS 0x0000000600600000, 0x0000000600400000| Untracked 
|   3|0x0000000600600000, 0x0000000600800000, 0x0000000600800000|100%| O|  |TAMS 0x0000000600800000, 0x0000000600600000| Untracked 
|   4|0x0000000600800000, 0x0000000600a00000, 0x0000000600a00000|100%| O|  |TAMS 0x0000000600a00000, 0x0000000600800000| Untracked 
|   5|0x0000000600a00000, 0x0000000600c00000, 0x0000000600c00000|100%| O|  |TAMS 0x0000000600c00000, 0x0000000600a00000| Untracked 
|   6|0x0000000600c00000, 0x0000000600e00000, 0x0000000600e00000|100%| O|  |TAMS 0x0000000600e00000, 0x0000000600c00000| Untracked 
|   7|0x0000000600e00000, 0x0000000601000000, 0x0000000601000000|100%| O|  |TAMS 0x0000000601000000, 0x0000000600e00000| Untracked 
|   8|0x0000000601000000, 0x0000000601200000, 0x0000000601200000|100%| O|  |TAMS 0x0000000601200000, 0x0000000601000000| Untracked 
|   9|0x0000000601200000, 0x0000000601400000, 0x0000000601400000|100%| O|  |TAMS 0x0000000601400000, 0x0000000601200000| Untracked 
|  10|0x0000000601400000, 0x0000000601600000, 0x0000000601600000|100%| O|  |TAMS 0x00000006015f0e00, 0x0000000601400000| Untracked 
|  11|0x0000000601600000, 0x0000000601600000, 0x0000000601800000|  0%| F|  |TAMS 0x0000000601600000, 0x0000000601600000| Untracked 
|  12|0x0000000601800000, 0x0000000601800000, 0x0000000601a00000|  0%| F|  |TAMS 0x0000000601800000, 0x0000000601800000| Untracked 
|  13|0x0000000601a00000, 0x0000000601c00000, 0x0000000601c00000|100%| O|  |TAMS 0x0000000601a00000, 0x0000000601a00000| Untracked 
|  14|0x0000000601c00000, 0x0000000601dbcc00, 0x0000000601e00000| 86%| O|  |TAMS 0x0000000601c00000, 0x0000000601c00000| Untracked 
|  15|0x0000000601e00000, 0x0000000601e00000, 0x0000000602000000|  0%| F|  |TAMS 0x0000000601e00000, 0x0000000601e00000| Untracked 
|  16|0x0000000602000000, 0x0000000602000000, 0x0000000602200000|  0%| F|  |TAMS 0x0000000602000000, 0x0000000602000000| Untracked 
|  17|0x0000000602200000, 0x0000000602200000, 0x0000000602400000|  0%| F|  |TAMS 0x0000000602200000, 0x0000000602200000| Untracked 
|  18|0x0000000602400000, 0x0000000602400000, 0x0000000602600000|  0%| F|  |TAMS 0x0000000602400000, 0x0000000602400000| Untracked 
|  19|0x0000000602600000, 0x0000000602600000, 0x0000000602800000|  0%| F|  |TAMS 0x0000000602600000, 0x0000000602600000| Untracked 
|  20|0x0000000602800000, 0x0000000602800000, 0x0000000602a00000|  0%| F|  |TAMS 0x0000000602800000, 0x0000000602800000| Untracked 
|  21|0x0000000602a00000, 0x0000000602a00000, 0x0000000602c00000|  0%| F|  |TAMS 0x0000000602a00000, 0x0000000602a00000| Untracked 
|  22|0x0000000602c00000, 0x0000000602c00000, 0x0000000602e00000|  0%| F|  |TAMS 0x0000000602c00000, 0x0000000602c00000| Untracked 
|  23|0x0000000602e00000, 0x0000000602e00000, 0x0000000603000000|  0%| F|  |TAMS 0x0000000602e00000, 0x0000000602e00000| Untracked 
|  24|0x0000000603000000, 0x0000000603000000, 0x0000000603200000|  0%| F|  |TAMS 0x0000000603000000, 0x0000000603000000| Untracked 
|  25|0x0000000603200000, 0x0000000603200000, 0x0000000603400000|  0%| F|  |TAMS 0x0000000603200000, 0x0000000603200000| Untracked 
|  26|0x0000000603400000, 0x0000000603493390, 0x0000000603600000| 28%| S|CS|TAMS 0x0000000603400000, 0x0000000603400000| Complete 
|  27|0x0000000603600000, 0x0000000603800000, 0x0000000603800000|100%| S|CS|TAMS 0x0000000603600000, 0x0000000603600000| Complete 
|  28|0x0000000603800000, 0x0000000603a00000, 0x0000000603a00000|100%| S|CS|TAMS 0x0000000603800000, 0x0000000603800000| Complete 
|  29|0x0000000603a00000, 0x0000000603a00000, 0x0000000603c00000|  0%| F|  |TAMS 0x0000000603a00000, 0x0000000603a00000| Untracked 
|  30|0x0000000603c00000, 0x0000000603c00000, 0x0000000603e00000|  0%| F|  |TAMS 0x0000000603c00000, 0x0000000603c00000| Untracked 
|  31|0x0000000603e00000, 0x0000000603e00000, 0x0000000604000000|  0%| F|  |TAMS 0x0000000603e00000, 0x0000000603e00000| Untracked 
|  32|0x0000000604000000, 0x0000000604000000, 0x0000000604200000|  0%| F|  |TAMS 0x0000000604000000, 0x0000000604000000| Untracked 
|  33|0x0000000604200000, 0x0000000604400000, 0x0000000604400000|100%| S|CS|TAMS 0x0000000604200000, 0x0000000604200000| Complete 
|  34|0x0000000604400000, 0x0000000604600000, 0x0000000604600000|100%| S|CS|TAMS 0x0000000604400000, 0x0000000604400000| Complete 
|  35|0x0000000604600000, 0x0000000604600000, 0x0000000604800000|  0%| F|  |TAMS 0x0000000604600000, 0x0000000604600000| Untracked 
|  36|0x0000000604800000, 0x0000000604800000, 0x0000000604a00000|  0%| F|  |TAMS 0x0000000604800000, 0x0000000604800000| Untracked 
|  37|0x0000000604a00000, 0x0000000604a00000, 0x0000000604c00000|  0%| F|  |TAMS 0x0000000604a00000, 0x0000000604a00000| Untracked 
|  38|0x0000000604c00000, 0x0000000604c00000, 0x0000000604e00000|  0%| F|  |TAMS 0x0000000604c00000, 0x0000000604c00000| Untracked 
|  39|0x0000000604e00000, 0x0000000604e00000, 0x0000000605000000|  0%| F|  |TAMS 0x0000000604e00000, 0x0000000604e00000| Untracked 
|  40|0x0000000605000000, 0x0000000605000000, 0x0000000605200000|  0%| F|  |TAMS 0x0000000605000000, 0x0000000605000000| Untracked 
|  41|0x0000000605200000, 0x0000000605200000, 0x0000000605400000|  0%| F|  |TAMS 0x0000000605200000, 0x0000000605200000| Untracked 
|  42|0x0000000605400000, 0x0000000605400000, 0x0000000605600000|  0%| F|  |TAMS 0x0000000605400000, 0x0000000605400000| Untracked 
|  43|0x0000000605600000, 0x0000000605600000, 0x0000000605800000|  0%| F|  |TAMS 0x0000000605600000, 0x0000000605600000| Untracked 
|  44|0x0000000605800000, 0x0000000605800000, 0x0000000605a00000|  0%| F|  |TAMS 0x0000000605800000, 0x0000000605800000| Untracked 
|  45|0x0000000605a00000, 0x0000000605a00000, 0x0000000605c00000|  0%| F|  |TAMS 0x0000000605a00000, 0x0000000605a00000| Untracked 
|  46|0x0000000605c00000, 0x0000000605c00000, 0x0000000605e00000|  0%| F|  |TAMS 0x0000000605c00000, 0x0000000605c00000| Untracked 
|  47|0x0000000605e00000, 0x0000000605e00000, 0x0000000606000000|  0%| F|  |TAMS 0x0000000605e00000, 0x0000000605e00000| Untracked 
|  48|0x0000000606000000, 0x0000000606000000, 0x0000000606200000|  0%| F|  |TAMS 0x0000000606000000, 0x0000000606000000| Untracked 
|  49|0x0000000606200000, 0x00000006063e0f58, 0x0000000606400000| 93%| E|  |TAMS 0x0000000606200000, 0x0000000606200000| Complete 
|  50|0x0000000606400000, 0x0000000606600000, 0x0000000606600000|100%| E|CS|TAMS 0x0000000606400000, 0x0000000606400000| Complete 
|  51|0x0000000606600000, 0x0000000606800000, 0x0000000606800000|100%| E|CS|TAMS 0x0000000606600000, 0x0000000606600000| Complete 
|  52|0x0000000606800000, 0x0000000606a00000, 0x0000000606a00000|100%| E|CS|TAMS 0x0000000606800000, 0x0000000606800000| Complete 
|  53|0x0000000606a00000, 0x0000000606c00000, 0x0000000606c00000|100%| E|CS|TAMS 0x0000000606a00000, 0x0000000606a00000| Complete 
|  54|0x0000000606c00000, 0x0000000606e00000, 0x0000000606e00000|100%| E|CS|TAMS 0x0000000606c00000, 0x0000000606c00000| Complete 
|  55|0x0000000606e00000, 0x0000000607000000, 0x0000000607000000|100%| E|CS|TAMS 0x0000000606e00000, 0x0000000606e00000| Complete 
|  56|0x0000000607000000, 0x0000000607200000, 0x0000000607200000|100%| E|CS|TAMS 0x0000000607000000, 0x0000000607000000| Complete 
|  57|0x0000000607200000, 0x0000000607400000, 0x0000000607400000|100%| E|CS|TAMS 0x0000000607200000, 0x0000000607200000| Complete 
|  58|0x0000000607400000, 0x0000000607600000, 0x0000000607600000|100%| E|CS|TAMS 0x0000000607400000, 0x0000000607400000| Complete 
|  59|0x0000000607600000, 0x0000000607800000, 0x0000000607800000|100%| E|CS|TAMS 0x0000000607600000, 0x0000000607600000| Complete 
|  60|0x0000000607800000, 0x0000000607a00000, 0x0000000607a00000|100%| E|CS|TAMS 0x0000000607800000, 0x0000000607800000| Complete 
|  61|0x0000000607a00000, 0x0000000607c00000, 0x0000000607c00000|100%| E|CS|TAMS 0x0000000607a00000, 0x0000000607a00000| Complete 
|  62|0x0000000607c00000, 0x0000000607e00000, 0x0000000607e00000|100%| E|CS|TAMS 0x0000000607c00000, 0x0000000607c00000| Complete 
|  63|0x0000000607e00000, 0x0000000608000000, 0x0000000608000000|100%| E|CS|TAMS 0x0000000607e00000, 0x0000000607e00000| Complete 
|  64|0x0000000608000000, 0x0000000608200000, 0x0000000608200000|100%| E|CS|TAMS 0x0000000608000000, 0x0000000608000000| Complete 
|  65|0x0000000608200000, 0x0000000608400000, 0x0000000608400000|100%| E|CS|TAMS 0x0000000608200000, 0x0000000608200000| Complete 
|  66|0x0000000608400000, 0x0000000608600000, 0x0000000608600000|100%| E|  |TAMS 0x0000000608400000, 0x0000000608400000| Complete 
|  67|0x0000000608600000, 0x0000000608800000, 0x0000000608800000|100%| E|CS|TAMS 0x0000000608600000, 0x0000000608600000| Complete 
|  68|0x0000000608800000, 0x0000000608a00000, 0x0000000608a00000|100%| E|CS|TAMS 0x0000000608800000, 0x0000000608800000| Complete 
|  69|0x0000000608a00000, 0x0000000608c00000, 0x0000000608c00000|100%| E|CS|TAMS 0x0000000608a00000, 0x0000000608a00000| Complete 
|  70|0x0000000608c00000, 0x0000000608e00000, 0x0000000608e00000|100%| E|CS|TAMS 0x0000000608c00000, 0x0000000608c00000| Complete 

Card table byte_map: [0x0000029ed7f30000,0x0000029ed8f30000] _byte_map_base: 0x0000029ed4f30000

Marking Bits (Prev, Next): (CMBitMap*) 0x0000029eae13f8b8, (CMBitMap*) 0x0000029eae13f8f0
 Prev Bits: [0x0000029ed9f30000, 0x0000029ee1f30000)
 Next Bits: [0x0000029ee1f30000, 0x0000029ee9f30000)

Polling page: 0x0000029eac020000

Metaspace:

Usage:
  Non-class:     42.75 MB capacity,    41.85 MB ( 98%) used,   777.95 KB (  2%) free+waste,   144.44 KB ( <1%) overhead. 
      Class:      6.53 MB capacity,     6.02 MB ( 92%) used,   459.75 KB (  7%) free+waste,    70.25 KB (  1%) overhead. 
       Both:     49.29 MB capacity,    47.87 MB ( 97%) used,     1.21 MB (  2%) free+waste,   214.69 KB ( <1%) overhead. 

Virtual space:
  Non-class space:       44.00 MB reserved,      42.99 MB ( 98%) committed 
      Class space:        1.00 GB reserved,       6.63 MB ( <1%) committed 
             Both:        1.04 GB reserved,      49.62 MB (  5%) committed 

Chunk freelists:
   Non-Class:  52.00 KB
       Class:  0 bytes
        Both:  52.00 KB

MaxMetaspaceSize: 4.00 GB
CompressedClassSpaceSize: 1.00 GB
Initial GC threshold: 20.80 MB
Current GC threshold: 58.53 MB
CDS: off

CodeHeap 'non-profiled nmethods': size=259264Kb used=2669Kb max_used=2669Kb free=256594Kb
 bounds [0x0000029ec6a90000, 0x0000029ec6d30000, 0x0000029ed67c0000]
CodeHeap 'profiled nmethods': size=259264Kb used=9512Kb max_used=9512Kb free=249751Kb
 bounds [0x0000029eb6d60000, 0x0000029eb76b0000, 0x0000029ec6a90000]
CodeHeap 'non-nmethods': size=5760Kb used=2348Kb max_used=2351Kb free=3412Kb
 bounds [0x0000029eb67c0000, 0x0000029eb6a30000, 0x0000029eb6d60000]
 total_blobs=5201 nmethods=4393 adapters=718
 compilation: enabled
              stopped_count=0, restarted_count=0
 full_count=0

Compilation events (20 events):
Event: 9.998 Thread 0x0000029eed5ae800 nmethod 4339 0x0000029eb7683210 code [0x0000029eb76834c0, 0x0000029eb7684128]
Event: 9.998 Thread 0x0000029eed5ae800 4340       3       com.google.common.cache.LocalCache$Segment::postWriteCleanup (5 bytes)
Event: 9.999 Thread 0x0000029eed5ae800 nmethod 4340 0x0000029eb7684490 code [0x0000029eb7684680, 0x0000029eb7684a48]
Event: 9.999 Thread 0x0000029eed5ae800 4342       3       org.gradle.internal.snapshot.SnapshotUtil::getMetadataFromChildren (21 bytes)
Event: 9.999 Thread 0x0000029eed5ae800 nmethod 4342 0x0000029eb7684b90 code [0x0000029eb7684d80, 0x0000029eb7685228]
Event: 9.999 Thread 0x0000029eed5ae800 4343       3       org.gradle.internal.snapshot.SnapshotUtil$1::<init> (15 bytes)
Event: 9.999 Thread 0x0000029eed5ae800 nmethod 4343 0x0000029eb7685390 code [0x0000029eb7685540, 0x0000029eb7685758]
Event: 10.000 Thread 0x0000029eed5ae800 4344       3       com.google.common.cache.LocalCache::recordsWrite (20 bytes)
Event: 10.000 Thread 0x0000029eed5ae800 nmethod 4344 0x0000029eb7685810 code [0x0000029eb76859e0, 0x0000029eb7685d18]
Event: 10.003 Thread 0x0000029eed5ae800 4345       3       java.util.Optional::get (22 bytes)
Event: 10.003 Thread 0x0000029eed5ae800 nmethod 4345 0x0000029eb7685e10 code [0x0000029eb7685fe0, 0x0000029eb7686208]
Event: 10.004 Thread 0x0000029eed5ae800 4346       3       org.gradle.internal.snapshot.MediumChildMap::withNode (67 bytes)
Event: 10.005 Thread 0x0000029eed5ae800 nmethod 4346 0x0000029eb7686310 code [0x0000029eb7686560, 0x0000029eb7686e38]
Event: 10.005 Thread 0x0000029eed5ae800 4347       3       org.gradle.internal.snapshot.VfsRelativePath::compareToFirstSegment (203 bytes)
Event: 10.007 Thread 0x0000029eed5ae800 nmethod 4347 0x0000029eb7687110 code [0x0000029eb7687560, 0x0000029eb7689918]
Event: 10.007 Thread 0x0000029eed5ae800 4348       3       org.gradle.internal.snapshot.AbstractIncompleteFileSystemNode::getSnapshot (15 bytes)
Event: 10.007 Thread 0x0000029eed5ae800 nmethod 4348 0x0000029eb768a610 code [0x0000029eb768a820, 0x0000029eb768aee8]
Event: 10.007 Thread 0x0000029eed5ae800 4349       3       org.gradle.internal.snapshot.VfsRelativePath::of (14 bytes)
Event: 10.008 Thread 0x0000029eed5ae800 nmethod 4349 0x0000029eb768b110 code [0x0000029eb768b380, 0x0000029eb768bde8]
Event: 10.240 Thread 0x0000029eed5ae800 4352       3       java.util.Arrays::sort (24 bytes)

GC Heap History (20 events):
Event: 0.546 GC heap before
{Heap before GC invocations=0 (full 0):
 garbage-first heap   total 120832K, used 24576K [0x0000000600000000, 0x0000000800000000)
  region size 2048K, 12 young (24576K), 0 survivors (0K)
 Metaspace       used 7229K, capacity 7341K, committed 7680K, reserved 1056768K
  class space    used 629K, capacity 657K, committed 768K, reserved 1048576K
}
Event: 0.552 GC heap after
{Heap after GC invocations=1 (full 0):
 garbage-first heap   total 120832K, used 2618K [0x0000000600000000, 0x0000000800000000)
  region size 2048K, 2 young (4096K), 2 survivors (4096K)
 Metaspace       used 7229K, capacity 7341K, committed 7680K, reserved 1056768K
  class space    used 629K, capacity 657K, committed 768K, reserved 1048576K
}
Event: 1.539 GC heap before
{Heap before GC invocations=1 (full 0):
 garbage-first heap   total 120832K, used 74298K [0x0000000600000000, 0x0000000800000000)
  region size 2048K, 35 young (71680K), 2 survivors (4096K)
 Metaspace       used 11528K, capacity 11722K, committed 11904K, reserved 1060864K
  class space    used 1216K, capacity 1290K, committed 1408K, reserved 1048576K
}
Event: 1.548 GC heap after
{Heap after GC invocations=2 (full 0):
 garbage-first heap   total 120832K, used 12288K [0x0000000600000000, 0x0000000800000000)
  region size 2048K, 4 young (8192K), 4 survivors (8192K)
 Metaspace       used 11528K, capacity 11722K, committed 11904K, reserved 1060864K
  class space    used 1216K, capacity 1290K, committed 1408K, reserved 1048576K
}
Event: 2.178 GC heap before
{Heap before GC invocations=2 (full 0):
 garbage-first heap   total 120832K, used 75776K [0x0000000600000000, 0x0000000800000000)
  region size 2048K, 35 young (71680K), 4 survivors (8192K)
 Metaspace       used 14032K, capacity 14335K, committed 14464K, reserved 1062912K
  class space    used 1551K, capacity 1651K, committed 1664K, reserved 1048576K
}
Event: 2.193 GC heap after
{Heap after GC invocations=3 (full 0):
 garbage-first heap   total 120832K, used 18059K [0x0000000600000000, 0x0000000800000000)
  region size 2048K, 3 young (6144K), 3 survivors (6144K)
 Metaspace       used 14032K, capacity 14335K, committed 14464K, reserved 1062912K
  class space    used 1551K, capacity 1651K, committed 1664K, reserved 1048576K
}
Event: 3.926 GC heap before
{Heap before GC invocations=3 (full 0):
 garbage-first heap   total 120832K, used 69259K [0x0000000600000000, 0x0000000800000000)
  region size 2048K, 29 young (59392K), 3 survivors (6144K)
 Metaspace       used 20776K, capacity 21149K, committed 21248K, reserved 1069056K
  class space    used 2421K, capacity 2548K, committed 2560K, reserved 1048576K
}
Event: 3.934 GC heap after
{Heap after GC invocations=4 (full 0):
 garbage-first heap   total 120832K, used 19818K [0x0000000600000000, 0x0000000800000000)
  region size 2048K, 1 young (2048K), 1 survivors (2048K)
 Metaspace       used 20776K, capacity 21149K, committed 21248K, reserved 1069056K
  class space    used 2421K, capacity 2548K, committed 2560K, reserved 1048576K
}
Event: 5.305 GC heap before
{Heap before GC invocations=5 (full 0):
 garbage-first heap   total 120832K, used 81258K [0x0000000600000000, 0x0000000800000000)
  region size 2048K, 31 young (63488K), 1 survivors (2048K)
 Metaspace       used 25154K, capacity 25817K, committed 25984K, reserved 1071104K
  class space    used 3124K, capacity 3366K, committed 3456K, reserved 1048576K
}
Event: 5.308 GC heap after
{Heap after GC invocations=6 (full 0):
 garbage-first heap   total 145408K, used 20937K [0x0000000600000000, 0x0000000800000000)
  region size 2048K, 2 young (4096K), 2 survivors (4096K)
 Metaspace       used 25154K, capacity 25817K, committed 25984K, reserved 1071104K
  class space    used 3124K, capacity 3366K, committed 3456K, reserved 1048576K
}
Event: 5.908 GC heap before
{Heap before GC invocations=6 (full 0):
 garbage-first heap   total 145408K, used 88521K [0x0000000600000000, 0x0000000800000000)
  region size 2048K, 36 young (73728K), 2 survivors (4096K)
 Metaspace       used 29026K, capacity 29727K, committed 29824K, reserved 1075200K
  class space    used 3668K, capacity 3901K, committed 3968K, reserved 1048576K
}
Event: 5.912 GC heap after
{Heap after GC invocations=7 (full 0):
 garbage-first heap   total 145408K, used 22696K [0x0000000600000000, 0x0000000800000000)
  region size 2048K, 3 young (6144K), 3 survivors (6144K)
 Metaspace       used 29026K, capacity 29727K, committed 29824K, reserved 1075200K
  class space    used 3668K, capacity 3901K, committed 3968K, reserved 1048576K
}
Event: 6.702 GC heap before
{Heap before GC invocations=7 (full 0):
 garbage-first heap   total 145408K, used 94376K [0x0000000600000000, 0x0000000800000000)
  region size 2048K, 38 young (77824K), 3 survivors (6144K)
 Metaspace       used 34302K, capacity 35364K, committed 35584K, reserved 1079296K
  class space    used 4443K, capacity 4843K, committed 4864K, reserved 1048576K
}
Event: 6.707 GC heap after
{Heap after GC invocations=8 (full 0):
 garbage-first heap   total 145408K, used 26786K [0x0000000600000000, 0x0000000800000000)
  region size 2048K, 5 young (10240K), 5 survivors (10240K)
 Metaspace       used 34302K, capacity 35364K, committed 35584K, reserved 1079296K
  class space    used 4443K, capacity 4843K, committed 4864K, reserved 1048576K
}
Event: 6.755 GC heap before
{Heap before GC invocations=8 (full 0):
 garbage-first heap   total 145408K, used 28834K [0x0000000600000000, 0x0000000800000000)
  region size 2048K, 7 young (14336K), 5 survivors (10240K)
 Metaspace       used 34624K, capacity 35582K, committed 35584K, reserved 1079296K
  class space    used 4495K, capacity 4862K, committed 4864K, reserved 1048576K
}
Event: 6.762 GC heap after
{Heap after GC invocations=9 (full 0):
 garbage-first heap   total 145408K, used 26967K [0x0000000600000000, 0x0000000800000000)
  region size 2048K, 3 young (6144K), 3 survivors (6144K)
 Metaspace       used 34624K, capacity 35582K, committed 35584K, reserved 1079296K
  class space    used 4495K, capacity 4862K, committed 4864K, reserved 1048576K
}
Event: 8.718 GC heap before
{Heap before GC invocations=10 (full 0):
 garbage-first heap   total 145408K, used 98647K [0x0000000600000000, 0x0000000800000000)
  region size 2048K, 38 young (77824K), 3 survivors (6144K)
 Metaspace       used 41701K, capacity 42944K, committed 43000K, reserved 1087488K
  class space    used 5409K, capacity 5887K, committed 5888K, reserved 1048576K
}
Event: 8.723 GC heap after
{Heap after GC invocations=11 (full 0):
 garbage-first heap   total 145408K, used 29688K [0x0000000600000000, 0x0000000800000000)
  region size 2048K, 4 young (8192K), 4 survivors (8192K)
 Metaspace       used 41701K, capacity 42944K, committed 43000K, reserved 1087488K
  class space    used 5409K, capacity 5887K, committed 5888K, reserved 1048576K
}
Event: 9.707 GC heap before
{Heap before GC invocations=11 (full 0):
 garbage-first heap   total 145408K, used 107512K [0x0000000600000000, 0x0000000800000000)
  region size 2048K, 40 young (81920K), 4 survivors (8192K)
 Metaspace       used 47266K, capacity 48739K, committed 48888K, reserved 1091584K
  class space    used 5997K, capacity 6536K, committed 6656K, reserved 1048576K
}
Event: 9.715 GC heap after
{Heap after GC invocations=12 (full 0):
 garbage-first heap   total 145408K, used 35135K [0x0000000600000000, 0x0000000800000000)
  region size 2048K, 5 young (10240K), 5 survivors (10240K)
 Metaspace       used 47266K, capacity 48739K, committed 48888K, reserved 1091584K
  class space    used 5997K, capacity 6536K, committed 6656K, reserved 1048576K
}

Deoptimization events (20 events):
Event: 9.972 Thread 0x0000029eefcdd800 DEOPT PACKING pc=0x0000029eb7382a41 sp=0x000000f62b2f8580
Event: 9.972 Thread 0x0000029eefcdd800 DEOPT UNPACKING pc=0x0000029eb680a95e sp=0x000000f62b2f7a78 mode 0
Event: 9.972 Thread 0x0000029eefcdd800 DEOPT PACKING pc=0x0000029eb7382a41 sp=0x000000f62b2f8580
Event: 9.972 Thread 0x0000029eefcdd800 DEOPT UNPACKING pc=0x0000029eb680a95e sp=0x000000f62b2f7a78 mode 0
Event: 9.983 Thread 0x0000029eefcdd800 Uncommon trap: trap_request=0xffffff4d fr.pc=0x0000029ec6cbeb28 relative=0x0000000000000168
Event: 9.983 Thread 0x0000029eefcdd800 Uncommon trap: reason=unstable_if action=reinterpret pc=0x0000029ec6cbeb28 method=java.util.stream.AbstractPipeline.copyIntoWithCancel(Ljava/util/stream/Sink;Ljava/util/Spliterator;)Z @ 6 c2
Event: 9.983 Thread 0x0000029eefcdd800 DEOPT PACKING pc=0x0000029ec6cbeb28 sp=0x000000f62b2f7330
Event: 9.983 Thread 0x0000029eefcdd800 DEOPT UNPACKING pc=0x0000029eb680a1af sp=0x000000f62b2f7248 mode 2
Event: 9.983 Thread 0x0000029eefcdd800 Uncommon trap: trap_request=0xffffffde fr.pc=0x0000029ec6c72abc relative=0x000000000000009c
Event: 9.983 Thread 0x0000029eefcdd800 Uncommon trap: reason=class_check action=maybe_recompile pc=0x0000029ec6c72abc method=java.util.stream.ReferencePipeline.forEachWithCancel(Ljava/util/Spliterator;Ljava/util/stream/Sink;)Z @ 1 c2
Event: 9.983 Thread 0x0000029eefcdd800 DEOPT PACKING pc=0x0000029ec6c72abc sp=0x000000f62b2f7230
Event: 9.983 Thread 0x0000029eefcdd800 DEOPT UNPACKING pc=0x0000029eb680a1af sp=0x000000f62b2f71c8 mode 2
Event: 9.984 Thread 0x0000029eefcdd800 Uncommon trap: trap_request=0xffffffde fr.pc=0x0000029ec6c72abc relative=0x000000000000009c
Event: 9.984 Thread 0x0000029eefcdd800 Uncommon trap: reason=class_check action=maybe_recompile pc=0x0000029ec6c72abc method=java.util.stream.ReferencePipeline.forEachWithCancel(Ljava/util/Spliterator;Ljava/util/stream/Sink;)Z @ 1 c2
Event: 9.984 Thread 0x0000029eefcdd800 DEOPT PACKING pc=0x0000029ec6c72abc sp=0x000000f62b2f7250
Event: 9.984 Thread 0x0000029eefcdd800 DEOPT UNPACKING pc=0x0000029eb680a1af sp=0x000000f62b2f71d0 mode 2
Event: 9.986 Thread 0x0000029eefcdd800 Uncommon trap: trap_request=0xffffffde fr.pc=0x0000029ec6c72abc relative=0x000000000000009c
Event: 9.986 Thread 0x0000029eefcdd800 Uncommon trap: reason=class_check action=maybe_recompile pc=0x0000029ec6c72abc method=java.util.stream.ReferencePipeline.forEachWithCancel(Ljava/util/Spliterator;Ljava/util/stream/Sink;)Z @ 1 c2
Event: 9.986 Thread 0x0000029eefcdd800 DEOPT PACKING pc=0x0000029ec6c72abc sp=0x000000f62b2f6ed0
Event: 9.986 Thread 0x0000029eefcdd800 DEOPT UNPACKING pc=0x0000029eb680a1af sp=0x000000f62b2f6e50 mode 2

Classes redefined (0 events):
No events

Internal exceptions (20 events):
Event: 9.482 Thread 0x0000029eefcdd800 Exception <a 'java/lang/ClassNotFoundException'{0x00000006052bc2e0}: eclipsePlugin_939ukcwtaim1z0gizu4s7diu1BeanInfo> (0x00000006052bc2e0) thrown at [./src/hotspot/share/classfile/systemDictionary.cpp, line 231]
Event: 9.482 Thread 0x0000029eefcdd800 Exception <a 'java/lang/ClassNotFoundException'{0x00000006052cd460}: eclipsePlugin_939ukcwtaim1z0gizu4s7diu1Customizer> (0x00000006052cd460) thrown at [./src/hotspot/share/classfile/systemDictionary.cpp, line 231]
Event: 9.523 Thread 0x0000029eefcdd800 Exception <a 'java/lang/ClassNotFoundException'{0x0000000605190308}: org/gradle/internal/metaobject/ConfigureDelegateBeanInfo> (0x0000000605190308) thrown at [./src/hotspot/share/classfile/systemDictionary.cpp, line 231]
Event: 9.524 Thread 0x0000029eefcdd800 Exception <a 'java/lang/ClassNotFoundException'{0x00000006051c0180}: org/gradle/internal/metaobject/ConfigureDelegateCustomizer> (0x00000006051c0180) thrown at [./src/hotspot/share/classfile/systemDictionary.cpp, line 231]
Event: 9.546 Thread 0x0000029eefcdd800 Exception <a 'java/lang/ClassNotFoundException'{0x0000000604f67500}: org/gradle/api/internal/initialization/DefaultScriptHandler_DecoratedBeanInfo> (0x0000000604f67500) thrown at [./src/hotspot/share/classfile/systemDictionary.cpp, line 231]
Event: 9.547 Thread 0x0000029eefcdd800 Exception <a 'java/lang/ClassNotFoundException'{0x0000000604f9c868}: org/gradle/api/internal/initialization/DefaultScriptHandlerBeanInfo> (0x0000000604f9c868) thrown at [./src/hotspot/share/classfile/systemDictionary.cpp, line 231]
Event: 9.548 Thread 0x0000029eefcdd800 Exception <a 'java/lang/ClassNotFoundException'{0x0000000604fd1de0}: org/gradle/api/internal/initialization/DefaultScriptHandlerCustomizer> (0x0000000604fd1de0) thrown at [./src/hotspot/share/classfile/systemDictionary.cpp, line 231]
Event: 9.549 Thread 0x0000029eefcdd800 Exception <a 'java/lang/ClassNotFoundException'{0x0000000604c16a18}: org/gradle/api/internal/initialization/DefaultScriptHandler_DecoratedCustomizer> (0x0000000604c16a18) thrown at [./src/hotspot/share/classfile/systemDictionary.cpp, line 231]
Event: 9.661 Thread 0x0000029eefcdd800 Implicit null exception at 0x0000029ec6b6b5f5 to 0x0000029ec6b6b7f4
Event: 9.661 Thread 0x0000029eefcdd800 Implicit null exception at 0x0000029ec6b3ac2f to 0x0000029ec6b3aca9
Event: 9.688 Thread 0x0000029eefcdd800 Exception <a 'java/lang/NoSuchMethodError'{0x00000006046d0190}: 'java.lang.Object java.lang.invoke.Invokers$Holder.linkToTargetMethod(java.lang.Object, int, int, java.lang.Object)'> (0x00000006046d0190) thrown at [./src/hotspot/share/interpreter/linkResolver.cpp, line 773]
Event: 9.691 Thread 0x0000029eefcdd800 Exception <a 'java/lang/NoSuchMethodError'{0x00000006046edde0}: 'java.lang.Object java.lang.invoke.DirectMethodHandle$Holder.invokeStatic(java.lang.Object, java.lang.Object, int, int, java.lang.Object, java.lang.Object)'> (0x00000006046edde0) thrown at [./src/hotspot/share/interpreter/linkResolver.cpp, line 773]
Event: 9.724 Thread 0x0000029eefcdd800 Exception <a 'sun/nio/fs/WindowsException'{0x0000000608c9de98}> (0x0000000608c9de98) thrown at [./src/hotspot/share/prims/jni.cpp, line 615]
Event: 9.725 Thread 0x0000029eefcdd800 Exception <a 'sun/nio/fs/WindowsException'{0x0000000608c9f710}> (0x0000000608c9f710) thrown at [./src/hotspot/share/prims/jni.cpp, line 615]
Event: 9.727 Thread 0x0000029eefcdd800 Exception <a 'sun/nio/fs/WindowsException'{0x0000000608ca0f40}> (0x0000000608ca0f40) thrown at [./src/hotspot/share/prims/jni.cpp, line 615]
Event: 9.727 Thread 0x0000029eefcdd800 Exception <a 'sun/nio/fs/WindowsException'{0x0000000608ca2390}> (0x0000000608ca2390) thrown at [./src/hotspot/share/prims/jni.cpp, line 615]
Event: 9.780 Thread 0x0000029eefcdd800 Exception <a 'java/lang/NoSuchMethodError'{0x000000060893ce90}: 'java.lang.Object java.lang.invoke.DelegatingMethodHandle$Holder.reinvoke_L(java.lang.Object, java.lang.Object, java.lang.Object, java.lang.Object, java.lang.Object, java.lang.Object, java.lang.Object, java.lang.Object, java.lang.Object, java.lang.Object, java.lang.Object, java.lang.Object, java.lang.Object, java.lang.Object, java.lang.Object, java.lang.Object, java.lang.Object, java.lang.Object, java.lang.Object, java.lang.Object, java.lang.O
Event: 9.780 Thread 0x0000029eefcdd800 Exception <a 'java/lang/NoSuchMethodError'{0x0000000608949c28}: 'java.lang.Object java.lang.invoke.Invokers$Holder.invoker(java.lang.Object, java.lang.Object, java.lang.Object, java.lang.Object, java.lang.Object, java.lang.Object, java.lang.Object, java.lang.Object, java.lang.Object, java.lang.Object, java.lang.Object, java.lang.Object, java.lang.Object, java.lang.Object, java.lang.Object, java.lang.Object, java.lang.Object, java.lang.Object, java.lang.Object, java.lang.Object, java.lang.Object, java.lang.
Event: 9.780 Thread 0x0000029eefcdd800 Exception <a 'java/lang/NoSuchMethodError'{0x0000000608950ef8}: 'java.lang.Object java.lang.invoke.DelegatingMethodHandle$Holder.delegate(java.lang.Object, java.lang.Object, java.lang.Object, java.lang.Object, java.lang.Object, java.lang.Object, java.lang.Object, java.lang.Object, java.lang.Object, java.lang.Object, java.lang.Object, java.lang.Object, java.lang.Object, java.lang.Object, java.lang.Object, java.lang.Object, java.lang.Object, java.lang.Object, java.lang.Object, java.lang.Object, java.lang.Obj
Event: 9.783 Thread 0x0000029eefcdd800 Exception <a 'java/lang/NoSuchMethodError'{0x00000006089a8350}: 'java.lang.Object java.lang.invoke.DelegatingMethodHandle$Holder.reinvoke_L(java.lang.Object, java.lang.Object, java.lang.Object, java.lang.Object, java.lang.Object, java.lang.Object, java.lang.Object, java.lang.Object, java.lang.Object, java.lang.Object, java.lang.Object, java.lang.Object, java.lang.Object, java.lang.Object, java.lang.Object, java.lang.Object, java.lang.Object, java.lang.Object, java.lang.Object, java.lang.Object, java.lang.O

Events (20 events):
Event: 9.978 loading class org/gradle/kotlin/dsl/provider/StandardKotlinScriptEvaluator$KotlinScriptCompilationAndInstrumentation$visitIdentityInputs$2
Event: 9.978 loading class org/gradle/kotlin/dsl/provider/StandardKotlinScriptEvaluator$KotlinScriptCompilationAndInstrumentation$visitIdentityInputs$2 done
Event: 9.979 loading class org/gradle/kotlin/dsl/provider/StandardKotlinScriptEvaluator$KotlinScriptCompilationAndInstrumentation$visitIdentityInputs$3
Event: 9.979 loading class org/gradle/kotlin/dsl/provider/StandardKotlinScriptEvaluator$KotlinScriptCompilationAndInstrumentation$visitIdentityInputs$3 done
Event: 9.980 loading class org/gradle/kotlin/dsl/provider/StandardKotlinScriptEvaluator$KotlinScriptCompilationAndInstrumentation$visitIdentityInputs$4
Event: 9.980 loading class org/gradle/kotlin/dsl/provider/StandardKotlinScriptEvaluator$KotlinScriptCompilationAndInstrumentation$visitIdentityInputs$4 done
Event: 9.980 loading class org/gradle/kotlin/dsl/provider/StandardKotlinScriptEvaluator$KotlinScriptCompilationAndInstrumentation$visitIdentityInputs$5
Event: 9.980 loading class org/gradle/kotlin/dsl/provider/StandardKotlinScriptEvaluator$KotlinScriptCompilationAndInstrumentation$visitIdentityInputs$5 done
Event: 9.981 loading class org/gradle/kotlin/dsl/provider/StandardKotlinScriptEvaluator$KotlinScriptCompilationAndInstrumentation$visitIdentityInputs$6
Event: 9.981 loading class org/gradle/kotlin/dsl/provider/StandardKotlinScriptEvaluator$KotlinScriptCompilationAndInstrumentation$visitIdentityInputs$6 done
Event: 9.984 loading class org/gradle/internal/snapshot/MetadataSnapshot$1
Event: 9.984 loading class org/gradle/internal/snapshot/MetadataSnapshot$1 done
Event: 9.993 loading class org/gradle/internal/snapshot/LargeChildMap
Event: 9.993 loading class org/gradle/internal/snapshot/LargeChildMap done
Event: 10.007 loading class org/gradle/internal/fingerprint/hashing/RegularFileSnapshotContextHasher
Event: 10.007 loading class org/gradle/internal/fingerprint/hashing/RegularFileSnapshotContextHasher done
Event: 10.008 loading class org/gradle/internal/hash/HashCode
Event: 10.008 loading class org/gradle/internal/hash/HashCode done
Event: 10.008 loading class org/gradle/internal/fingerprint/hashing/RegularFileSnapshotContextHasher
Event: 10.008 loading class org/gradle/internal/fingerprint/hashing/RegularFileSnapshotContextHasher done


Dynamic libraries:
0x00007ff73ee30000 - 0x00007ff73ee3d000 	C:\Program Files\Microsoft\jdk-11.0.12.7-hotspot\bin\java.exe
0x00007fffef160000 - 0x00007fffef3c8000 	C:\WINDOWS\SYSTEM32\ntdll.dll
0x00007fffeda60000 - 0x00007fffedb29000 	C:\WINDOWS\System32\KERNEL32.DLL
0x00007fffec2b0000 - 0x00007fffec69d000 	C:\WINDOWS\System32\KERNELBASE.dll
0x00007fffec940000 - 0x00007fffeca8b000 	C:\WINDOWS\System32\ucrtbase.dll
0x00007fffa8fb0000 - 0x00007fffa8fc5000 	C:\Program Files\Microsoft\jdk-11.0.12.7-hotspot\bin\VCRUNTIME140.dll
0x00007fffa9420000 - 0x00007fffa9437000 	C:\Program Files\Microsoft\jdk-11.0.12.7-hotspot\bin\jli.dll
0x00007fffed7d0000 - 0x00007fffed99c000 	C:\WINDOWS\System32\USER32.dll
0x00007fffecbd0000 - 0x00007fffecbf7000 	C:\WINDOWS\System32\win32u.dll
0x00007fffc83d0000 - 0x00007fffc866a000 	C:\WINDOWS\WinSxS\amd64_microsoft.windows.common-controls_6595b64144ccf1df_6.0.26100.4484_none_3e0e6d4ce32ef3b3\COMCTL32.dll
0x00007fffee480000 - 0x00007fffee4ab000 	C:\WINDOWS\System32\GDI32.dll
0x00007fffecf60000 - 0x00007fffed009000 	C:\WINDOWS\System32\msvcrt.dll
0x00007fffec800000 - 0x00007fffec937000 	C:\WINDOWS\System32\gdi32full.dll
0x00007fffecb20000 - 0x00007fffecbc3000 	C:\WINDOWS\System32\msvcp_win.dll
0x00007fffee250000 - 0x00007fffee27f000 	C:\WINDOWS\System32\IMM32.DLL
0x00007fff78c60000 - 0x00007fff78cfb000 	C:\Program Files\Microsoft\jdk-11.0.12.7-hotspot\bin\msvcp140.dll
0x00007fff0e510000 - 0x00007fff0f071000 	C:\Program Files\Microsoft\jdk-11.0.12.7-hotspot\bin\server\jvm.dll
0x00007fffed550000 - 0x00007fffed604000 	C:\WINDOWS\System32\ADVAPI32.dll
0x00007fffed110000 - 0x00007fffed1b6000 	C:\WINDOWS\System32\sechost.dll
0x00007fffee130000 - 0x00007fffee248000 	C:\WINDOWS\System32\RPCRT4.dll
0x00007fffed610000 - 0x00007fffed618000 	C:\WINDOWS\System32\PSAPI.DLL
0x00007fffc8c00000 - 0x00007fffc8c0a000 	C:\WINDOWS\SYSTEM32\WSOCK32.dll
0x00007fffe4430000 - 0x00007fffe4465000 	C:\WINDOWS\SYSTEM32\WINMM.dll
0x00007fffe58c0000 - 0x00007fffe58cb000 	C:\WINDOWS\SYSTEM32\VERSION.dll
0x00007fffeec40000 - 0x00007fffeecb4000 	C:\WINDOWS\System32\WS2_32.dll
0x00007fffeb050000 - 0x00007fffeb06b000 	C:\WINDOWS\SYSTEM32\kernel.appcore.dll
0x00007fffab590000 - 0x00007fffab5a0000 	C:\Program Files\Microsoft\jdk-11.0.12.7-hotspot\bin\verify.dll
0x00007fffdf980000 - 0x00007fffdfbc1000 	C:\WINDOWS\SYSTEM32\DBGHELP.DLL
0x00007fffed1c0000 - 0x00007fffed546000 	C:\WINDOWS\System32\combase.dll
0x00007fffee340000 - 0x00007fffee420000 	C:\WINDOWS\System32\OLEAUT32.dll
0x00007fffd0810000 - 0x00007fffd0853000 	C:\WINDOWS\SYSTEM32\dbgcore.DLL
0x00007fffec6a0000 - 0x00007fffec739000 	C:\WINDOWS\System32\bcryptPrimitives.dll
0x00007fff9a010000 - 0x00007fff9a038000 	C:\Program Files\Microsoft\jdk-11.0.12.7-hotspot\bin\java.dll
0x00007fffa9190000 - 0x00007fffa919a000 	C:\Program Files\Microsoft\jdk-11.0.12.7-hotspot\bin\jimage.dll
0x00007fffa9160000 - 0x00007fffa916e000 	C:\Program Files\Microsoft\jdk-11.0.12.7-hotspot\bin\instrument.dll
0x00007fffa67b0000 - 0x00007fffa67c7000 	C:\Program Files\Microsoft\jdk-11.0.12.7-hotspot\bin\zip.dll
0x00007fffee4f0000 - 0x00007fffeec3a000 	C:\WINDOWS\System32\SHELL32.dll
0x00007fffecd80000 - 0x00007fffecef4000 	C:\WINDOWS\System32\wintypes.dll
0x00007fffe9ed0000 - 0x00007fffea72b000 	C:\WINDOWS\SYSTEM32\windows.storage.dll
0x00007fffeecc0000 - 0x00007fffeedb5000 	C:\WINDOWS\System32\SHCORE.dll
0x00007fffeefa0000 - 0x00007fffef00a000 	C:\WINDOWS\System32\shlwapi.dll
0x00007fffec1c0000 - 0x00007fffec1ef000 	C:\WINDOWS\SYSTEM32\profapi.dll
0x00007fffa4de0000 - 0x00007fffa4df9000 	C:\Program Files\Microsoft\jdk-11.0.12.7-hotspot\bin\net.dll
0x00007fffe55a0000 - 0x00007fffe56be000 	C:\WINDOWS\SYSTEM32\WINHTTP.dll
0x00007fffeb5e0000 - 0x00007fffeb64a000 	C:\WINDOWS\system32\mswsock.dll
0x00007fffa4630000 - 0x00007fffa4642000 	C:\Program Files\Microsoft\jdk-11.0.12.7-hotspot\bin\nio.dll
0x00007fffae050000 - 0x00007fffae077000 	C:\Users\horia\.gradle\native\1def1411415f61bf3af743bc5b6707747c0891f09f0c88961ee8f79bc544acac\windows-amd64\native-platform.dll
0x000000005bb40000 - 0x000000005bbb3000 	C:\Users\horia\.gradle\native\0.2.5\x86_64-windows-gnu\gradle-fileevents.dll
0x00007fffa8f00000 - 0x00007fffa8f09000 	C:\Program Files\Microsoft\jdk-11.0.12.7-hotspot\bin\management.dll
0x00007fffa46b0000 - 0x00007fffa46bb000 	C:\Program Files\Microsoft\jdk-11.0.12.7-hotspot\bin\management_ext.dll
0x00007fffeb890000 - 0x00007fffeb8ab000 	C:\WINDOWS\SYSTEM32\CRYPTSP.dll
0x00007fffeafb0000 - 0x00007fffeafeb000 	C:\WINDOWS\system32\rsaenh.dll
0x00007fffeb680000 - 0x00007fffeb6ab000 	C:\WINDOWS\SYSTEM32\USERENV.dll
0x00007fffec190000 - 0x00007fffec1b6000 	C:\WINDOWS\SYSTEM32\bcrypt.dll
0x00007fffeb8b0000 - 0x00007fffeb8bc000 	C:\WINDOWS\SYSTEM32\CRYPTBASE.dll
0x00007fffeaa90000 - 0x00007fffeaac3000 	C:\WINDOWS\SYSTEM32\IPHLPAPI.DLL
0x00007fffeda50000 - 0x00007fffeda5a000 	C:\WINDOWS\System32\NSI.dll
0x00007fffe5850000 - 0x00007fffe586f000 	C:\WINDOWS\SYSTEM32\dhcpcsvc6.DLL
0x00007fffe5400000 - 0x00007fffe5425000 	C:\WINDOWS\SYSTEM32\dhcpcsvc.DLL
0x00007fffeab50000 - 0x00007fffeac76000 	C:\WINDOWS\SYSTEM32\DNSAPI.dll
0x000000005a0f0000 - 0x000000005a163000 	C:\Users\horia\AppData\Local\Temp\native-platform7989574786074691390dir\gradle-fileevents.dll

dbghelp: loaded successfully - version: 4.0.5 - missing functions: none
symbol engine: initialized successfully - sym options: 0x614 - pdb path: .;C:\Program Files\Microsoft\jdk-11.0.12.7-hotspot\bin;C:\WINDOWS\SYSTEM32;C:\WINDOWS\WinSxS\amd64_microsoft.windows.common-controls_6595b64144ccf1df_6.0.26100.4484_none_3e0e6d4ce32ef3b3;C:\Program Files\Microsoft\jdk-11.0.12.7-hotspot\bin\server;C:\Users\horia\.gradle\native\1def1411415f61bf3af743bc5b6707747c0891f09f0c88961ee8f79bc544acac\windows-amd64;C:\Users\horia\.gradle\native\0.2.5\x86_64-windows-gnu;C:\Users\horia\AppData\Local\Temp\native-platform7989574786074691390dir

VM Arguments:
jvm_args: --add-opens=java.base/java.lang=ALL-UNNAMED --add-opens=java.base/java.lang.invoke=ALL-UNNAMED --add-opens=java.base/java.util=ALL-UNNAMED --add-opens=java.prefs/java.util.prefs=ALL-UNNAMED --add-exports=jdk.compiler/com.sun.tools.javac.api=ALL-UNNAMED --add-exports=jdk.compiler/com.sun.tools.javac.util=ALL-UNNAMED --add-opens=java.base/java.util=ALL-UNNAMED --add-opens=java.prefs/java.util.prefs=ALL-UNNAMED --add-opens=java.base/java.nio.charset=ALL-UNNAMED --add-opens=java.base/java.net=ALL-UNNAMED --add-opens=java.base/java.util.concurrent.atomic=ALL-UNNAMED --add-opens=java.xml/javax.xml.namespace=ALL-UNNAMED -XX:MaxMetaspaceSize=4G -XX:ReservedCodeCacheSize=512m -XX:+HeapDumpOnOutOfMemoryError -Xmx8G -Dfile.encoding=UTF-8 -Duser.country=US -Duser.language=en -Duser.variant -javaagent:C:\Users\horia\.gradle\wrapper\dists\gradle-8.12-all\ejduaidbjup3bmmkhw3rie4zb\gradle-8.12\lib\agents\gradle-instrumentation-agent-8.12.jar 
java_command: org.gradle.launcher.daemon.bootstrap.GradleDaemon 8.12
java_class_path (initial): C:\Users\horia\.gradle\wrapper\dists\gradle-8.12-all\ejduaidbjup3bmmkhw3rie4zb\gradle-8.12\lib\gradle-daemon-main-8.12.jar
Launcher Type: SUN_STANDARD

[Global flags]
     intx CICompilerCount                          = 4                                         {product} {ergonomic}
     uint ConcGCThreads                            = 3                                         {product} {ergonomic}
     uint G1ConcRefinementThreads                  = 10                                        {product} {ergonomic}
   size_t G1HeapRegionSize                         = 2097152                                   {product} {ergonomic}
    uintx GCDrainStackTargetSize                   = 64                                        {product} {ergonomic}
     bool HeapDumpOnOutOfMemoryError               = true                                   {manageable} {command line}
   size_t InitialHeapSize                          = 123731968                                 {product} {ergonomic}
   size_t MarkStackSize                            = 4194304                                   {product} {ergonomic}
   size_t MaxHeapSize                              = 8589934592                                {product} {command line}
   size_t MaxMetaspaceSize                         = 4294967296                                {product} {command line}
   size_t MaxNewSize                               = 5152702464                                {product} {ergonomic}
   size_t MinHeapDeltaBytes                        = 2097152                                   {product} {ergonomic}
    uintx NonNMethodCodeHeapSize                   = 5836300                                {pd product} {ergonomic}
    uintx NonProfiledCodeHeapSize                  = 265517306                              {pd product} {ergonomic}
    uintx ProfiledCodeHeapSize                     = 265517306                              {pd product} {ergonomic}
    uintx ReservedCodeCacheSize                    = 536870912                              {pd product} {command line}
     bool SegmentedCodeCache                       = true                                      {product} {ergonomic}
     bool UseCompressedClassPointers               = true                                 {lp64_product} {ergonomic}
     bool UseCompressedOops                        = true                                 {lp64_product} {ergonomic}
     bool UseG1GC                                  = true                                      {product} {ergonomic}
     bool UseLargePagesIndividualAllocation        = false                                  {pd product} {ergonomic}

Logging:
Log output configuration:
 #0: stdout all=warning uptime,level,tags
 #1: stderr all=off uptime,level,tags

Environment Variables:
JAVA_HOME=C:\Program Files\Java\jdk-23
PATH=C:\Program Files\Common Files\Oracle\Java\javapath;C:\app\horia\product\21c\dbhomeXE\bin;C:\Users\horia\OneDrive\Desktop\sql\bin;C:\Program Files (x86)\Common Files\Oracle\Java\javapath;C:\Program Files\Microsoft\jdk-11.0.12.7-hotspot\bin;C:\WINDOWS\system32;C:\WINDOWS;C:\WINDOWS\System32\Wbem;C:\WINDOWS\System32\WindowsPowerShell\v1.0\;C:\WINDOWS\System32\OpenSSH\;C:\Program Files (x86)\NVIDIA Corporation\PhysX\Common;C:\Program Files\Git\cmd;C:\Program Files\HP\HP One Agent;C:\WINDOWS\system32;C:\WINDOWS;C:\WINDOWS\System32\Wbem;C:\WINDOWS\System32\WindowsPowerShell\v1.0\;C:\WINDOWS\System32\OpenSSH\;C:\Program Files\Java\jdk-23\bin;C:\Program Files\MySQL\MySQL Shell 8.0\bin\;C:\Users\horia\AppData\Local\Programs\Python\Python312\Scripts\;C:\Users\horia\AppData\Local\Programs\Python\Python312\;C:\Users\horia\AppData\Local\Programs\Python\Launcher\;C:\Users\horia\AppData\Local\Microsoft\WindowsApps;C:\Program Files\JetBrains\PyCharm Community Edition 2023.2.2\bin;;C:\Program Files\JetBrains\DataGrip 2023.3.4\bin;;C:\Program Files\JetBrains\CLion 2023.3.4\bin;;C:\Users\horia\AppData\Local\Programs\Microsoft VS Code\bin;C:\ghcup\bin;C:\Program Files\JetBrains\IntelliJ IDEA 2024.3.4.1\bin;;C:\Users\horia\Flutter\flutter\bin;
USERNAME=horia
OS=Windows_NT
PROCESSOR_IDENTIFIER=AMD64 Family 23 Model 104 Stepping 1, AuthenticAMD



---------------  S Y S T E M  ---------------

OS: Windows 10 , 64 bit Build 26100 (10.0.26100.4484)
OS uptime: 0 days 6:55 hours
Hyper-V role detected

CPU:total 12 (initial active 12) (12 cores per cpu, 2 threads per core) family 23 model 104 stepping 1 microcode 0x8608109, cmov, cx8, fxsr, mmx, sse, sse2, sse3, ssse3, sse4.1, sse4.2, popcnt, avx, avx2, aes, clmul, mmxext, 3dnowpref, lzcnt, sse4a, ht, tsc, tscinvbit, tscinv, bmi1, bmi2, adx, sha, fma

Memory: 4k page, system-wide physical 7501M (590M free)
TotalPageFile size 30029M (AvailPageFile size 13M)
current process WorkingSet (physical memory assigned to process): 298M, peak: 301M
current process commit charge ("private bytes"): 358M, peak: 361M

vm_info: OpenJDK 64-Bit Server VM (11.0.12+7) for windows-amd64 JRE (11.0.12+7), built on Jul 21 2021 15:41:43 by "" with unknown MS VC++:1916

END.
